#
# There is insufficient memory for the Java Runtime Environment to continue.
# Native memory allocation (mmap) failed to map 130023424 bytes. Error detail: G1 virtual space
# Possible reasons:
#   The system is out of physical RAM or swap space
#   This process is running with CompressedOops enabled, and the Java Heap may be blocking the growth of the native heap
# Possible solutions:
#   Reduce memory load on the system
#   Increase physical memory or swap space
#   Check if swap backing store is full
#   Decrease Java heap size (-Xmx/-Xms)
#   Decrease number of Java threads
#   Decrease Java thread stack sizes (-Xss)
#   Set larger code cache with -XX:ReservedCodeCacheSize=
#   JVM is running with Unscaled Compressed Oops mode in which the Java heap is
#     placed in the first 4GB address space. The Java Heap base address is the
#     maximum limit for the native heap growth. Please use -XX:HeapBaseMinAddress
#     to set the Java Heap base and to place the Java Heap above 4GB virtual address.
# This output file may be truncated or incomplete.
#
#  Out of Memory Error (os_windows.cpp:3631), pid=11360, tid=17200
#
# JRE version:  (22.0.1+8) (build )
# Java VM: OpenJDK 64-Bit Server VM (22.0.1+8, mixed mode, sharing, tiered, compressed oops, compressed class ptrs, g1 gc, windows-amd64)
# No core dump will be written. Minidumps are not enabled by default on client versions of Windows
#

---------------  S U M M A R Y ------------

Command Line: -Dfile.encoding=UTF-8 -Dstdout.encoding=UTF-8 -Dstderr.encoding=UTF-8 -XX:+ShowCodeDetailsInExceptionMessages estoque.Programa

Host: Intel(R) Core(TM) i3-10100 CPU @ 3.60GHz, 8 cores, 7G,  Windows 10 , 64 bit Build 19041 (10.0.19041.4597)
Time: Thu Aug  1 20:09:13 2024 Hora oficial do Brasil elapsed time: 0.034107 seconds (0d 0h 0m 0s)

---------------  T H R E A D  ---------------

Current thread (0x00000256ec38c4d0):  JavaThread "Unknown thread" [_thread_in_vm, id=17200, stack(0x000000f3cf100000,0x000000f3cf200000) (1024K)]

Stack: [0x000000f3cf100000,0x000000f3cf200000]
Native frames: (J=compiled Java code, j=interpreted, Vv=VM code, C=native code)
V  [jvm.dll+0x6ea239]  (no source info available)
V  [jvm.dll+0x8ccf93]  (no source info available)
V  [jvm.dll+0x8cf3be]  (no source info available)
V  [jvm.dll+0x8cfa93]  (no source info available)
V  [jvm.dll+0x286ea6]  (no source info available)
V  [jvm.dll+0x6e68c5]  (no source info available)
V  [jvm.dll+0x6db54a]  (no source info available)
V  [jvm.dll+0x3601ba]  (no source info available)
V  [jvm.dll+0x368686]  (no source info available)
V  [jvm.dll+0x3ba43e]  (no source info available)
V  [jvm.dll+0x3ba6e8]  (no source info available)
V  [jvm.dll+0x333cbc]  (no source info available)
V  [jvm.dll+0x334878]  (no source info available)
V  [jvm.dll+0x894ebc]  (no source info available)
V  [jvm.dll+0x3c7531]  (no source info available)
V  [jvm.dll+0x87dc3c]  (no source info available)
V  [jvm.dll+0x460e3e]  (no source info available)
V  [jvm.dll+0x462c51]  (no source info available)
C  [jli.dll+0x5278]  (no source info available)
C  [ucrtbase.dll+0x21bb2]  (no source info available)
C  [KERNEL32.DLL+0x17374]  (no source info available)
C  [ntdll.dll+0x4cc91]  (no source info available)


---------------  P R O C E S S  ---------------

Threads class SMR info:
_java_thread_list=0x00007fff2b7ec688, length=0, elements={
}

Java Threads: ( => current thread )
Total: 0

Other Threads:
  0x00000256ee563940 WorkerThread "GC Thread#0"                     [id=7760, stack(0x000000f3cf200000,0x000000f3cf300000) (1024K)]
  0x00000256ee5759d0 ConcurrentGCThread "G1 Main Marker"            [id=9420, stack(0x000000f3cf300000,0x000000f3cf400000) (1024K)]
  0x00000256ee5764e0 WorkerThread "G1 Conc#0"                       [id=13360, stack(0x000000f3cf400000,0x000000f3cf500000) (1024K)]

[error occurred during error reporting (printing all threads), id 0xc0000005, EXCEPTION_ACCESS_VIOLATION (0xc0000005) at pc=0x00007fff2aed6b17]
VM state: not at safepoint (not fully initialized)

VM Mutex/Monitor currently owned by a thread:  ([mutex/lock_event])
[0x00007fff2b8700a8] Heap_lock - owner thread: 0x00000256ec38c4d0

Heap address: 0x0000000084600000, size: 1978 MB, Compressed Oops mode: 32-bit

CDS archive(s) mapped at: [0x0000000000000000-0x0000000000000000-0x0000000000000000), size 0, SharedBaseAddress: 0x0000000800000000, ArchiveRelocationMode: 1.
Narrow klass base: 0x0000000000000000, Narrow klass shift: 0, Narrow klass range: 0x0

GC Precious Log:
 CardTable entry size: 512
 Card Set container configuration: InlinePtr #cards 5 size 8 Array Of Cards #cards 12 size 40 Howl #buckets 4 coarsen threshold 1843 Howl Bitmap #cards 512 size 80 coarsen threshold 460 Card regions per heap region 1 cards per card region 2048

Heap:
 garbage-first heap   total reserved 2025472K, committed 0K, used 0K [0x0000000084600000, 0x0000000100000000)
  region size 1024K, 0 young (0K), 0 survivors (0K)

[error occurred during error reporting (printing heap information), id 0xc0000005, EXCEPTION_ACCESS_VIOLATION (0xc0000005) at pc=0x00007fff2b2d6e29]
GC Heap History (0 events):
No events

Dll operation events (1 events):
Event: 0.007 Loaded shared library C:\Users\2020005812\.p2\pool\plugins\org.eclipse.justj.openjdk.hotspot.jre.full.win32.x86_64_22.0.1.v20240426-1149\jre\bin\java.dll

Deoptimization events (0 events):
No events

Classes loaded (0 events):
No events

Classes unloaded (0 events):
No events

Classes redefined (0 events):
No events

Internal exceptions (0 events):
No events

ZGC Phase Switch (0 events):
No events

VM Operations (0 events):
No events

Events (0 events):
No events


Dynamic libraries:
0x00007ff7f9240000 - 0x00007ff7f924e000 	C:\Users\2020005812\.p2\pool\plugins\org.eclipse.justj.openjdk.hotspot.jre.full.win32.x86_64_22.0.1.v20240426-1149\jre\bin\javaw.exe
0x00007fff98470000 - 0x00007fff98668000 	C:\Windows\SYSTEM32\ntdll.dll
0x00007fff96be0000 - 0x00007fff96ca1000 	C:\Windows\System32\KERNEL32.DLL
0x00007fff95b20000 - 0x00007fff95e16000 	C:\Windows\System32\KERNELBASE.dll
0x00007fff96100000 - 0x00007fff96200000 	C:\Windows\System32\ucrtbase.dll
0x00007fff91db0000 - 0x00007fff91dc7000 	C:\Users\2020005812\.p2\pool\plugins\org.eclipse.justj.openjdk.hotspot.jre.full.win32.x86_64_22.0.1.v20240426-1149\jre\bin\jli.dll
0x00007fff905c0000 - 0x00007fff905db000 	C:\Users\2020005812\.p2\pool\plugins\org.eclipse.justj.openjdk.hotspot.jre.full.win32.x86_64_22.0.1.v20240426-1149\jre\bin\VCRUNTIME140.dll
0x00007fff974c0000 - 0x00007fff9765f000 	C:\Windows\System32\USER32.dll
0x00007fff81520000 - 0x00007fff817ba000 	C:\Windows\WinSxS\amd64_microsoft.windows.common-controls_6595b64144ccf1df_6.0.19041.4355_none_60b8b9eb71f62e16\COMCTL32.dll
0x00007fff95af0000 - 0x00007fff95b12000 	C:\Windows\System32\win32u.dll
0x00007fff970f0000 - 0x00007fff9718e000 	C:\Windows\System32\msvcrt.dll
0x00007fff97010000 - 0x00007fff9703b000 	C:\Windows\System32\GDI32.dll
0x00007fff95fe0000 - 0x00007fff960f7000 	C:\Windows\System32\gdi32full.dll
0x00007fff96360000 - 0x00007fff963fd000 	C:\Windows\System32\msvcp_win.dll
0x00007fff97740000 - 0x00007fff9776f000 	C:\Windows\System32\IMM32.DLL
0x00007fff91d80000 - 0x00007fff91d8c000 	C:\Users\2020005812\.p2\pool\plugins\org.eclipse.justj.openjdk.hotspot.jre.full.win32.x86_64_22.0.1.v20240426-1149\jre\bin\vcruntime140_1.dll
0x00007fff7cf90000 - 0x00007fff7d01e000 	C:\Users\2020005812\.p2\pool\plugins\org.eclipse.justj.openjdk.hotspot.jre.full.win32.x86_64_22.0.1.v20240426-1149\jre\bin\msvcp140.dll
0x00007fff2ab90000 - 0x00007fff2b952000 	C:\Users\2020005812\.p2\pool\plugins\org.eclipse.justj.openjdk.hotspot.jre.full.win32.x86_64_22.0.1.v20240426-1149\jre\bin\server\jvm.dll
0x00007fff97040000 - 0x00007fff970f0000 	C:\Windows\System32\ADVAPI32.dll
0x00007fff96cb0000 - 0x00007fff96d50000 	C:\Windows\System32\sechost.dll
0x00007fff97c50000 - 0x00007fff97d73000 	C:\Windows\System32\RPCRT4.dll
0x00007fff95fb0000 - 0x00007fff95fd7000 	C:\Windows\System32\bcrypt.dll
0x00007fff97770000 - 0x00007fff977db000 	C:\Windows\System32\WS2_32.dll
0x00007fff95070000 - 0x00007fff950bb000 	C:\Windows\SYSTEM32\POWRPROF.dll
0x00007fff832d0000 - 0x00007fff832f7000 	C:\Windows\SYSTEM32\WINMM.dll
0x00007fff92360000 - 0x00007fff9236a000 	C:\Windows\SYSTEM32\VERSION.dll
0x00007fff94ee0000 - 0x00007fff94ef2000 	C:\Windows\SYSTEM32\UMPDC.dll
0x00007fff937b0000 - 0x00007fff937c2000 	C:\Windows\SYSTEM32\kernel.appcore.dll
0x00007fff6bca0000 - 0x00007fff6bcaa000 	C:\Users\2020005812\.p2\pool\plugins\org.eclipse.justj.openjdk.hotspot.jre.full.win32.x86_64_22.0.1.v20240426-1149\jre\bin\jimage.dll
0x00007fff6e630000 - 0x00007fff6e814000 	C:\Windows\SYSTEM32\DBGHELP.DLL
0x00007fff6f7b0000 - 0x00007fff6f7e4000 	C:\Windows\SYSTEM32\dbgcore.DLL
0x00007fff95f20000 - 0x00007fff95fa2000 	C:\Windows\System32\bcryptPrimitives.dll
0x00007fff557d0000 - 0x00007fff557ee000 	C:\Users\2020005812\.p2\pool\plugins\org.eclipse.justj.openjdk.hotspot.jre.full.win32.x86_64_22.0.1.v20240426-1149\jre\bin\java.dll
0x00007fff96470000 - 0x00007fff96bdc000 	C:\Windows\System32\SHELL32.dll
0x00007fff982d0000 - 0x00007fff983fb000 	C:\Windows\System32\ole32.dll
0x00007fff97f70000 - 0x00007fff982c3000 	C:\Windows\System32\combase.dll

dbghelp: loaded successfully - version: 4.0.5 - missing functions: none
symbol engine: initialized successfully - sym options: 0x614 - pdb path: .;C:\Users\2020005812\.p2\pool\plugins\org.eclipse.justj.openjdk.hotspot.jre.full.win32.x86_64_22.0.1.v20240426-1149\jre\bin;C:\Windows\SYSTEM32;C:\Windows\WinSxS\amd64_microsoft.windows.common-controls_6595b64144ccf1df_6.0.19041.4355_none_60b8b9eb71f62e16;C:\Users\2020005812\.p2\pool\plugins\org.eclipse.justj.openjdk.hotspot.jre.full.win32.x86_64_22.0.1.v20240426-1149\jre\bin\server

VM Arguments:
jvm_args: -Dfile.encoding=UTF-8 -Dstdout.encoding=UTF-8 -Dstderr.encoding=UTF-8 -XX:+ShowCodeDetailsInExceptionMessages 
java_command: estoque.Programa
java_class_path (initial): C:\Users\2020005812\eclipse-workspace\POO\bin;C:\Users\2020005812\.p2\pool\plugins\junit-jupiter-api_5.10.2.jar;C:\Users\2020005812\.p2\pool\plugins\junit-jupiter-engine_5.10.2.jar;C:\Users\2020005812\.p2\pool\plugins\junit-jupiter-migrationsupport_5.10.2.jar;C:\Users\2020005812\.p2\pool\plugins\junit-jupiter-params_5.10.2.jar;C:\Users\2020005812\.p2\pool\plugins\junit-platform-commons_1.10.2.jar;C:\Users\2020005812\.p2\pool\plugins\junit-platform-engine_1.10.2.jar;C:\Users\2020005812\.p2\pool\plugins\junit-platform-launcher_1.10.2.jar;C:\Users\2020005812\.p2\pool\plugins\junit-platform-runner_1.10.2.jar;C:\Users\2020005812\.p2\pool\plugins\junit-platform-suite-api_1.10.2.jar;C:\Users\2020005812\.p2\pool\plugins\junit-platform-suite-engine_1.10.2.jar;C:\Users\2020005812\.p2\pool\plugins\junit-platform-suite-commons_1.10.2.jar;C:\Users\2020005812\.p2\pool\plugins\junit-vintage-engine_5.10.2.jar;C:\Users\2020005812\.p2\pool\plugins\org.opentest4j_1.3.0.jar;C:\Users\2020005812\.p2\pool\plugins\org.apiguardian.api_1.1.2.jar;C:\Users\2020005812\.p2\pool\plugins\org.junit_4.13.2.v20230809-1000.jar;C:\Users\2020005812\.p2\pool\plugins\org.hamcrest_2.2.0.jar;C:\Users\2020005812\.p2\pool\plugins\org.hamcrest.core_2.2.0.v20230809-1000.jar
Launcher Type: SUN_STANDARD

[Global flags]
     intx CICompilerCount                          = 4                                         {product} {ergonomic}
     uint ConcGCThreads                            = 2                                         {product} {ergonomic}
     uint G1ConcRefinementThreads                  = 8                                         {product} {ergonomic}
   size_t G1HeapRegionSize                         = 1048576                                   {product} {ergonomic}
   size_t InitialHeapSize                          = 130023424                                 {product} {ergonomic}
   size_t MarkStackSize                            = 4194304                                   {product} {ergonomic}
   size_t MaxHeapSize                              = 2074083328                                {product} {ergonomic}
   size_t MinHeapDeltaBytes                        = 1048576                                   {product} {ergonomic}
   size_t MinHeapSize                              = 8388608                                   {product} {ergonomic}
    uintx NonNMethodCodeHeapSize                   = 5839372                                {pd product} {ergonomic}
    uintx NonProfiledCodeHeapSize                  = 122909434                              {pd product} {ergonomic}
    uintx ProfiledCodeHeapSize                     = 122909434                              {pd product} {ergonomic}
    uintx ReservedCodeCacheSize                    = 251658240                              {pd product} {ergonomic}
     bool SegmentedCodeCache                       = true                                      {product} {ergonomic}
     bool ShowCodeDetailsInExceptionMessages       = true                                   {manageable} {command line}
   size_t SoftMaxHeapSize                          = 2074083328                             {manageable} {ergonomic}
     bool UseCompressedOops                        = true                           {product lp64_product} {ergonomic}
     bool UseG1GC                                  = true                                      {product} {ergonomic}
     bool UseLargePagesIndividualAllocation        = false                                  {pd product} {ergonomic}

Logging:
Log output configuration:
 #0: stdout all=warning uptime,level,tags foldmultilines=false
 #1: stderr all=off uptime,level,tags foldmultilines=false

Environment Variables:
PATH=C:/Users/2020005812/.p2/pool/plugins/org.eclipse.justj.openjdk.hotspot.jre.full.win32.x86_64_22.0.1.v20240426-1149/jre/bin/server;C:/Users/2020005812/.p2/pool/plugins/org.eclipse.justj.openjdk.hotspot.jre.full.win32.x86_64_22.0.1.v20240426-1149/jre/bin;C:\Windows\system32;C:\Windows;C:\Windows\System32\Wbem;C:\Windows\System32\WindowsPowerShell\v1.0\;C:\Windows\System32\OpenSSH\;C:\Program Files\dotnet\;C:\Users\2020005812\AppData\Local\Microsoft\WindowsApps;C:\Users\2020005812\AppData\Local\GitHubDesktop\bin;C:\Users\2020005812\Desktop;
USERNAME=2020005812
OS=Windows_NT
PROCESSOR_IDENTIFIER=Intel64 Family 6 Model 165 Stepping 3, GenuineIntel
TMP=C:\Users\202000~1\AppData\Local\Temp
TEMP=C:\Users\202000~1\AppData\Local\Temp




Periodic native trim disabled

---------------  S Y S T E M  ---------------

OS:
 Windows 10 , 64 bit Build 19041 (10.0.19041.4597)
OS uptime: 0 days 0:50 hours

CPU: total 8 (initial active 8) (4 cores per cpu, 2 threads per core) family 6 model 165 stepping 3 microcode 0xf8, cx8, cmov, fxsr, ht, mmx, 3dnowpref, sse, sse2, sse3, ssse3, sse4.1, sse4.2, popcnt, lzcnt, tsc, tscinvbit, avx, avx2, aes, erms, clmul, bmi1, bmi2, adx, fma, vzeroupper, clflush, clflushopt, rdtscp, f16c
Processor Information for all 8 processors :
  Max Mhz: 3600, Current Mhz: 3600, Mhz Limit: 3600

Memory: 4k page, system-wide physical 7907M (539M free)
TotalPageFile size 7907M (AvailPageFile size 65M)
current process WorkingSet (physical memory assigned to process): 11M, peak: 11M
current process commit charge ("private bytes"): 60M, peak: 184M

vm_info: OpenJDK 64-Bit Server VM (22.0.1+8) for windows-amd64 JRE (22.0.1+8), built on 2024-04-16T00:00:00Z by "admin" with MS VC++ 17.7 (VS2022)

END.
